Performing C SOURCE FILE Test CMAKE_HAVE_LIBC_PTHREAD failed with the following output:
Change Dir: /home/xuezeyu/SSpMM/tSparse/build/CMakeFiles/CMakeScratch/TryCompile-UudEi6

Run Build Command(s):/opt/rh/devtoolset-7/root/usr/bin/gmake -f Makefile cmTC_b645c/fast && /opt/rh/devtoolset-7/root/usr/bin/gmake  -f CMakeFiles/cmTC_b645c.dir/build.make CMakeFiles/cmTC_b645c.dir/build
gmake[1]: Entering directory '/home/xuezeyu/SSpMM/tSparse/build/CMakeFiles/CMakeScratch/TryCompile-UudEi6'
Building C object CMakeFiles/cmTC_b645c.dir/src.c.o
/opt/rh/devtoolset-7/root/usr/bin/cc -DCMAKE_HAVE_LIBC_PTHREAD  -fPIC  -o CMakeFiles/cmTC_b645c.dir/src.c.o -c /home/xuezeyu/SSpMM/tSparse/build/CMakeFiles/CMakeScratch/TryCompile-UudEi6/src.c
Linking C executable cmTC_b645c
/usr/local/cmake-3.25.2-linux-x86_64/bin/cmake -E cmake_link_script CMakeFiles/cmTC_b645c.dir/link.txt --verbose=1
/opt/rh/devtoolset-7/root/usr/bin/cc -fPIC   -fuse-ld=gold -Wl,--disable-new-dtags  CMakeFiles/cmTC_b645c.dir/src.c.o -o cmTC_b645c 
CMakeFiles/cmTC_b645c.dir/src.c.o:src.c:function main: error: undefined reference to 'pthread_create'
CMakeFiles/cmTC_b645c.dir/src.c.o:src.c:function main: error: undefined reference to 'pthread_detach'
CMakeFiles/cmTC_b645c.dir/src.c.o:src.c:function main: error: undefined reference to 'pthread_cancel'
CMakeFiles/cmTC_b645c.dir/src.c.o:src.c:function main: error: undefined reference to 'pthread_join'
collect2: error: ld returned 1 exit status
gmake[1]: *** [CMakeFiles/cmTC_b645c.dir/build.make:99: cmTC_b645c] Error 1
gmake[1]: Leaving directory '/home/xuezeyu/SSpMM/tSparse/build/CMakeFiles/CMakeScratch/TryCompile-UudEi6'
gmake: *** [Makefile:127: cmTC_b645c/fast] Error 2


Source file was:
#include <pthread.h>

static void* test_func(void* data)
{
  return data;
}

int main(void)
{
  pthread_t thread;
  pthread_create(&thread, NULL, test_func, NULL);
  pthread_detach(thread);
  pthread_cancel(thread);
  pthread_join(thread, NULL);
  pthread_atfork(NULL, NULL, NULL);
  pthread_exit(NULL);

  return 0;
}


Determining if the function pthread_create exists in the pthreads failed with the following output:
Change Dir: /home/xuezeyu/SSpMM/tSparse/build/CMakeFiles/CMakeScratch/TryCompile-YIz9wK

Run Build Command(s):/opt/rh/devtoolset-7/root/usr/bin/gmake -f Makefile cmTC_a4174/fast && /opt/rh/devtoolset-7/root/usr/bin/gmake  -f CMakeFiles/cmTC_a4174.dir/build.make CMakeFiles/cmTC_a4174.dir/build
gmake[1]: Entering directory '/home/xuezeyu/SSpMM/tSparse/build/CMakeFiles/CMakeScratch/TryCompile-YIz9wK'
Building C object CMakeFiles/cmTC_a4174.dir/CheckFunctionExists.c.o
/opt/rh/devtoolset-7/root/usr/bin/cc   -fPIC -DCHECK_FUNCTION_EXISTS=pthread_create -o CMakeFiles/cmTC_a4174.dir/CheckFunctionExists.c.o -c /home/xuezeyu/SSpMM/tSparse/build/CMakeFiles/CMakeScratch/TryCompile-YIz9wK/CheckFunctionExists.c
Linking C executable cmTC_a4174
/usr/local/cmake-3.25.2-linux-x86_64/bin/cmake -E cmake_link_script CMakeFiles/cmTC_a4174.dir/link.txt --verbose=1
/opt/rh/devtoolset-7/root/usr/bin/cc -fPIC -DCHECK_FUNCTION_EXISTS=pthread_create  -fuse-ld=gold -Wl,--disable-new-dtags  CMakeFiles/cmTC_a4174.dir/CheckFunctionExists.c.o -o cmTC_a4174  -lpthreads 
/opt/rh/devtoolset-7/root/usr/libexec/gcc/x86_64-redhat-linux/7/ld.gold: error: cannot find -lpthreads
CMakeFiles/cmTC_a4174.dir/CheckFunctionExists.c.o:CheckFunctionExists.c:function main: error: undefined reference to 'pthread_create'
collect2: error: ld returned 1 exit status
gmake[1]: *** [CMakeFiles/cmTC_a4174.dir/build.make:99: cmTC_a4174] Error 1
gmake[1]: Leaving directory '/home/xuezeyu/SSpMM/tSparse/build/CMakeFiles/CMakeScratch/TryCompile-YIz9wK'
gmake: *** [Makefile:127: cmTC_a4174/fast] Error 2



